<?xml version="1.0" encoding="UTF-8"?>
<!-- Generated by org.testng.reporters.JUnitXMLReporter -->
<testsuite hostname="Utkarsh" ignored="3" name="Default test" tests="1" failures="0" timestamp="06 Jul 2021 13:26:04 GMT" time="114.388" errors="0">
  <testcase name="srchUserByRole" time="1.835" classname="com.orangehrm.testcases.AdminPageTest"/>
  <testcase name="verifyAdminPage" time="0.0" classname="com.orangehrm.testcases.AdminPageTest">
    <ignored/>
  </testcase> <!-- verifyAdminPage -->
  <testcase name="sendUsername" time="0.0" classname="com.orangehrm.testcases.AdminPageTest">
    <ignored/>
  </testcase> <!-- sendUsername -->
  <testcase name="restUsername" time="0.0" classname="com.orangehrm.testcases.AdminPageTest">
    <ignored/>
  </testcase> <!-- restUsername -->
</testsuite> <!-- Default test -->
