<?xml version="1.0" encoding="UTF-8"?>
<!-- Generated by org.testng.reporters.JUnitXMLReporter -->
<testsuite hostname="Utkarsh" ignored="2" tests="0" failures="0" timestamp="08 May 2021 21:06:32 GMT" time="0.008" errors="0">
  <testcase name="loginTest" time="0.0" classname="com.orangehrm.testcases.LoginPageTest">
    <ignored/>
  </testcase> <!-- loginTest -->
  <testcase name="titleCheck" time="0.0" classname="com.orangehrm.testcases.LoginPageTest">
    <ignored/>
  </testcase> <!-- titleCheck -->
</testsuite>
