<?xml version="1.0" encoding="UTF-8"?>
<!-- Generated by org.testng.reporters.JUnitXMLReporter -->
<testsuite hostname="Utkarsh" ignored="2" name="Test" tests="1" failures="0" timestamp="01 Jul 2021 19:43:21 GMT" time="23.346" errors="0">
  <testcase name="restUsername" time="1.133" classname="com.orangehrm.testcases.AdminPageTest"/>
  <testcase name="verifyAdminPage" time="0.0" classname="com.orangehrm.testcases.AdminPageTest">
    <ignored/>
  </testcase> <!-- verifyAdminPage -->
  <testcase name="sendUsername" time="0.0" classname="com.orangehrm.testcases.AdminPageTest">
    <ignored/>
  </testcase> <!-- sendUsername -->
</testsuite> <!-- Test -->
