<?xml version="1.0" encoding="UTF-8"?>
<testng-results skipped="0" failed="0" ignored="5" total="7" passed="2">
  <reporter-output>
  </reporter-output>
  <suite name="Default suite" duration-ms="155151" started-at="2021-07-14T13:46:48Z" finished-at="2021-07-14T13:49:23Z">
    <groups>
    </groups>
    <test name="Default test" duration-ms="155151" started-at="2021-07-14T13:46:48Z" finished-at="2021-07-14T13:49:23Z">
      <class name="com.orangehrm.testcases.AdminPageTest">
        <test-method status="PASS" signature="setup()[pri:0, instance:com.orangehrm.testcases.AdminPageTest@e25b2fe]" name="setup" is-config="true" duration-ms="47923" started-at="2021-07-14T13:46:48Z" finished-at="2021-07-14T13:47:36Z">
          <reporter-output>
          </reporter-output>
        </test-method> <!-- setup -->
        <test-method status="PASS" signature="addNewUser(java.lang.String, java.lang.String, java.lang.String, java.lang.String, java.lang.String)[pri:5, instance:com.orangehrm.testcases.AdminPageTest@e25b2fe]" name="addNewUser" duration-ms="14724" started-at="2021-07-14T13:47:36Z" data-provider="New User" finished-at="2021-07-14T13:47:51Z">
          <params>
            <param index="0">
              <value>
                <![CDATA[ESS]]>
              </value>
            </param>
            <param index="1">
              <value>
                <![CDATA[Alice Duval]]>
              </value>
            </param>
            <param index="2">
              <value>
                <![CDATA[vix.mehta]]>
              </value>
            </param>
            <param index="3">
              <value>
                <![CDATA[Abcd12@12]]>
              </value>
            </param>
            <param index="4">
              <value>
                <![CDATA[Abcd12@12]]>
              </value>
            </param>
          </params>
          <reporter-output>
          </reporter-output>
        </test-method> <!-- addNewUser -->
        <test-method status="PASS" signature="tearDown()[pri:0, instance:com.orangehrm.testcases.AdminPageTest@e25b2fe]" name="tearDown" is-config="true" duration-ms="2071" started-at="2021-07-14T13:47:51Z" finished-at="2021-07-14T13:47:53Z">
          <reporter-output>
          </reporter-output>
        </test-method> <!-- tearDown -->
        <test-method status="PASS" signature="setup()[pri:0, instance:com.orangehrm.testcases.AdminPageTest@e25b2fe]" name="setup" is-config="true" duration-ms="73373" started-at="2021-07-14T13:47:53Z" finished-at="2021-07-14T13:49:06Z">
          <reporter-output>
          </reporter-output>
        </test-method> <!-- setup -->
        <test-method status="PASS" signature="addNewUser(java.lang.String, java.lang.String, java.lang.String, java.lang.String, java.lang.String)[pri:5, instance:com.orangehrm.testcases.AdminPageTest@e25b2fe]" name="addNewUser" duration-ms="14988" started-at="2021-07-14T13:49:06Z" data-provider="New User" finished-at="2021-07-14T13:49:21Z">
          <params>
            <param index="0">
              <value>
                <![CDATA[Admin]]>
              </value>
            </param>
            <param index="1">
              <value>
                <![CDATA[Anthony Nolan]]>
              </value>
            </param>
            <param index="2">
              <value>
                <![CDATA[rush.bharadwaj]]>
              </value>
            </param>
            <param index="3">
              <value>
                <![CDATA[Abcd12@12]]>
              </value>
            </param>
            <param index="4">
              <value>
                <![CDATA[Abcd12@12]]>
              </value>
            </param>
          </params>
          <reporter-output>
          </reporter-output>
        </test-method> <!-- addNewUser -->
        <test-method status="PASS" signature="tearDown()[pri:0, instance:com.orangehrm.testcases.AdminPageTest@e25b2fe]" name="tearDown" is-config="true" duration-ms="1991" started-at="2021-07-14T13:49:21Z" finished-at="2021-07-14T13:49:23Z">
          <reporter-output>
          </reporter-output>
        </test-method> <!-- tearDown -->
      </class> <!-- com.orangehrm.testcases.AdminPageTest -->
    </test> <!-- Default test -->
  </suite> <!-- Default suite -->
</testng-results>
